<?xml version="1.0" encoding="UTF-8"?>
<testsuite name="FeedbackServiceTests" tests="1" skipped="0" failures="0" errors="0" timestamp="2024-09-01T08:55:02" hostname="192.168.1.217" time="5.111">
  <properties/>
  <testcase name="start" classname="FeedbackServiceTests" time="5.111"/>
  <system-out><![CDATA[?[1;31m
Start test 1?[0m
?[0;34m
?[0m?[0;34m  .   ____          _            __ _ _
?[0m?[0;34m /\\ / ___'_ __ _ _(_)_ __  __ _ \ \ \ \
?[0m?[0;34m( ( )\___ | '_ | '_| | '_ \/ _` | \ \ \ \
?[0m?[0;34m \\/  ___)| |_)| | | | | || (_| |  ) ) ) )
?[0m?[0;34m  '  |____| .__|_| |_|_| |_\__, | / / / /
?[0m?[0;34m =========|_|==============|___/=/_/_/_/
?[0m?[0;34m :: Spring Boot ::                (v3.0.2)
?[0m?[0;34m
?[0m?[0;34m2024-09-01T15:55:02.433+07:00  INFO 4381 --- [    Test worker] feedbackservice.FeedbackApplication      : Starting FeedbackApplication using Java 17.0.11 with PID 4381 (started by chhittola in /Users/chhittola/IdeaProjects/Customer Feedback Service/Customer Feedback Service/task)
?[0m?[0;34m2024-09-01T15:55:02.435+07:00  INFO 4381 --- [    Test worker] feedbackservice.FeedbackApplication      : No active profile set, falling back to 1 default profile: "default"
?[0m?[0;34m2024-09-01T15:55:02.812+07:00  INFO 4381 --- [    Test worker] .s.d.r.c.RepositoryConfigurationDelegate : Bootstrapping Spring Data MongoDB repositories in DEFAULT mode.
?[0m?[0;34m2024-09-01T15:55:02.838+07:00  INFO 4381 --- [    Test worker] .s.d.r.c.RepositoryConfigurationDelegate : Finished Spring Data repository scanning in 23 ms. Found 1 MongoDB repository interfaces.
?[0m?[0;34m2024-09-01T15:55:03.043+07:00  INFO 4381 --- [    Test worker] o.s.b.w.embedded.tomcat.TomcatWebServer  : Tomcat initialized with port(s): 8080 (http)
?[0m?[0;34m2024-09-01T15:55:03.048+07:00  INFO 4381 --- [    Test worker] o.apache.catalina.core.StandardService   : Starting service [Tomcat]
?[0m?[0;34m2024-09-01T15:55:03.048+07:00  INFO 4381 --- [    Test worker] o.apache.catalina.core.StandardEngine    : Starting Servlet engine: [Apache Tomcat/10.1.5]
?[0m?[0;34m2024-09-01T15:55:03.092+07:00  INFO 4381 --- [    Test worker] o.a.c.c.C.[Tomcat].[localhost].[/]       : Initializing Spring embedded WebApplicationContext
?[0m?[0;34m2024-09-01T15:55:03.093+07:00  INFO 4381 --- [    Test worker] w.s.c.ServletWebServerApplicationContext : Root WebApplicationContext: initialization completed in 634 ms
?[0m?[0;34m2024-09-01T15:55:03.177+07:00  INFO 4381 --- [    Test worker] o.t.utility.ImageNameSubstitutor         : Image name substitution will be performed by: DefaultImageNameSubstitutor (composite of 'ConfigurationFileImageNameSubstitutor' and 'PrefixingImageNameSubstitutor')
?[0m?[0;34m2024-09-01T15:55:03.196+07:00  INFO 4381 --- [    Test worker] o.t.d.DockerClientProviderStrategy       : Loaded org.testcontainers.dockerclient.UnixSocketClientProviderStrategy from ~/.testcontainers.properties, will try it first
?[0m?[0;34m2024-09-01T15:55:03.420+07:00  INFO 4381 --- [    Test worker] o.t.d.DockerClientProviderStrategy       : Found Docker environment with local Unix socket (unix:///var/run/docker.sock)
?[0m?[0;34m2024-09-01T15:55:03.421+07:00  INFO 4381 --- [    Test worker] org.testcontainers.DockerClientFactory   : Docker host IP address is localhost
?[0m?[0;34m2024-09-01T15:55:03.437+07:00  INFO 4381 --- [    Test worker] org.testcontainers.DockerClientFactory   : Connected to docker: 
?[0m?[0;34m  Server Version: 25.0.3
?[0m?[0;34m  API Version: 1.44
?[0m?[0;34m  Operating System: Docker Desktop
?[0m?[0;34m  Total Memory: 3923 MB
?[0m?[0;34m2024-09-01T15:55:03.455+07:00  INFO 4381 --- [    Test worker] ]]>&#x1f433;<![CDATA[ [testcontainers/ryuk:0.3.4]           : Creating container for image: testcontainers/ryuk:0.3.4
?[0m?[0;34m2024-09-01T15:55:03.636+07:00  INFO 4381 --- [    Test worker] ]]>&#x1f433;<![CDATA[ [testcontainers/ryuk:0.3.4]           : Container testcontainers/ryuk:0.3.4 is starting: a3bb11a72b3b0d4678138165ffb01c56f68c492ffa9de85f862376dc9e55aaa7
?[0m?[0;34m2024-09-01T15:55:03.879+07:00  INFO 4381 --- [    Test worker] ]]>&#x1f433;<![CDATA[ [testcontainers/ryuk:0.3.4]           : Container testcontainers/ryuk:0.3.4 started in PT0.438869S
?[0m?[0;34m2024-09-01T15:55:03.888+07:00  INFO 4381 --- [    Test worker] o.t.utility.RyukResourceReaper           : Ryuk started - will monitor and terminate Testcontainers containers on JVM exit
?[0m?[0;34m2024-09-01T15:55:03.889+07:00  INFO 4381 --- [    Test worker] org.testcontainers.DockerClientFactory   : Checking the system...
?[0m?[0;34m2024-09-01T15:55:03.889+07:00  INFO 4381 --- [    Test worker] org.testcontainers.DockerClientFactory   : ✔︎ Docker server version should be at least 1.6.0
?[0m?[0;34m2024-09-01T15:55:03.889+07:00  INFO 4381 --- [    Test worker] ]]>&#x1f433;<![CDATA[ [mongo:5]                             : Creating container for image: mongo:5
?[0m?[0;34m2024-09-01T15:55:03.923+07:00  INFO 4381 --- [    Test worker] ]]>&#x1f433;<![CDATA[ [mongo:5]                             : Container mongo:5 is starting: 5269b22cd6dbae5d93bb189f7f218db1145ae7bfb8cc7be37560de7433cc0712
?[0m?[0;34m2024-09-01T15:55:04.800+07:00  INFO 4381 --- [    Test worker] ]]>&#x1f433;<![CDATA[ [mongo:5]                             : Container mongo:5 started in PT0.91026S
?[0m?[0;34m2024-09-01T15:55:05.588+07:00  INFO 4381 --- [    Test worker] org.mongodb.driver.client                : MongoClient with metadata {"driver": {"name": "mongo-java-driver|sync|spring-boot", "version": "4.8.2"}, "os": {"type": "Darwin", "name": "Mac OS X", "architecture": "aarch64", "version": "14.6.1"}, "platform": "Java/JetBrains s.r.o./17.0.11+1-b1207.30"} created with settings MongoClientSettings{readPreference=primary, writeConcern=WriteConcern{w=null, wTimeout=null ms, journal=null}, retryWrites=true, retryReads=true, readConcern=ReadConcern{level=null}, credential=null, streamFactoryFactory=null, commandListeners=[io.micrometer.core.instrument.binder.mongodb.MongoMetricsCommandListener@32caae19], codecRegistry=ProvidersCodecRegistry{codecProviders=[ValueCodecProvider{}, BsonValueCodecProvider{}, DBRefCodecProvider{}, DBObjectCodecProvider{}, DocumentCodecProvider{}, CollectionCodecProvider{}, IterableCodecProvider{}, MapCodecProvider{}, GeoJsonCodecProvider{}, GridFSFileCodecProvider{}, Jsr310CodecProvider{}, JsonObjectCodecProvider{}, BsonCodecProvider{}, EnumCodecProvider{}, com.mongodb.Jep395RecordCodecProvider@60e67c06]}, clusterSettings={hosts=[localhost:27017], srvServiceName=mongodb, mode=SINGLE, requiredClusterType=UNKNOWN, requiredReplicaSetName='null', serverSelector='null', clusterListeners='[]', serverSelectionTimeout='30000 ms', localThreshold='30000 ms'}, socketSettings=SocketSettings{connectTimeoutMS=10000, readTimeoutMS=0, receiveBufferSize=0, sendBufferSize=0}, heartbeatSocketSettings=SocketSettings{connectTimeoutMS=10000, readTimeoutMS=10000, receiveBufferSize=0, sendBufferSize=0}, connectionPoolSettings=ConnectionPoolSettings{maxSize=100, minSize=0, maxWaitTimeMS=120000, maxConnectionLifeTimeMS=0, maxConnectionIdleTimeMS=0, maintenanceInitialDelayMS=0, maintenanceFrequencyMS=60000, connectionPoolListeners=[io.micrometer.core.instrument.binder.mongodb.MongoMetricsConnectionPoolListener@2bc59ab7], maxConnecting=2}, serverSettings=ServerSettings{heartbeatFrequencyMS=10000, minHeartbeatFrequencyMS=500, serverListeners='[]', serverMonitorListeners='[]'}, sslSettings=SslSettings{enabled=false, invalidHostNameAllowed=false, context=null}, applicationName='null', compressorList=[], uuidRepresentation=JAVA_LEGACY, serverApi=null, autoEncryptionSettings=null, contextProvider=null}
?[0;34m2024-09-01T15:55:05.596+07:00  INFO 4381 --- [localhost:27017] org.mongodb.driver.cluster               : Monitor thread successfully connected to server with description ServerDescription{address=localhost:27017, type=REPLICA_SET_PRIMARY, state=CONNECTED, ok=true, minWireVersion=0, maxWireVersion=13, maxDocumentSize=16777216, logicalSessionTimeoutMinutes=30, roundTripTimeNanos=10874000, setName='docker-rs', canonicalAddress=5269b22cd6db:27017, hosts=[5269b22cd6db:27017], passives=[], arbiters=[], primary='5269b22cd6db:27017', tagSet=TagSet{[]}, electionId=7fffffff0000000000000001, setVersion=1, topologyVersion=TopologyVersion{processId=66d42be8b50b145917d4382b, counter=6}, lastWriteDate=Sun Sep 01 15:55:05 ICT 2024, lastUpdateTimeNanos=14035464498708}
?[0m?[0;34m2024-09-01T15:55:05.939+07:00  INFO 4381 --- [    Test worker] o.s.b.a.e.web.EndpointLinksResolver      : Exposing 1 endpoint(s) beneath base path '/actuator'
?[0m?[0;34m2024-09-01T15:55:05.962+07:00  INFO 4381 --- [    Test worker] o.s.b.w.embedded.tomcat.TomcatWebServer  : Tomcat started on port(s): 8080 (http) with context path ''
?[0m?[0;34m2024-09-01T15:55:05.970+07:00  INFO 4381 --- [    Test worker] feedbackservice.FeedbackApplication      : Started FeedbackApplication in 3.695 seconds (process running for 4.148)
?[0;34m2024-09-01T15:55:06.126+07:00  INFO 4381 --- [nio-8080-exec-1] o.a.c.c.C.[Tomcat].[localhost].[/]       : Initializing Spring DispatcherServlet 'dispatcherServlet'
?[0m?[0;34m2024-09-01T15:55:06.127+07:00  INFO 4381 --- [nio-8080-exec-1] o.s.web.servlet.DispatcherServlet        : Initializing Servlet 'dispatcherServlet'
?[0m?[0;34m2024-09-01T15:55:06.127+07:00  INFO 4381 --- [nio-8080-exec-1] o.s.web.servlet.DispatcherServlet        : Completed initialization in 0 ms
?[0m?[1;31m
Start test 2?[0m
?[1;31m
Start test 3?[0m
?[1;31m
Start test 4?[0m
?[1;31m
Start test 5?[0m
?[1;31m
Start test 6?[0m
?[1;31m
Start test 7?[0m
?[1;31m
Start test 8?[0m
?[1;31m
Start test 9?[0m
?[1;31m
Start test 10?[0m
?[1;31m
Start test 11?[0m
?[1;31m
Start test 12?[0m
?[1;31m
Start test 13?[0m
?[1;31m
Start test 14?[0m
?[1;31m
Start test 15?[0m
?[1;31m
Start test 16?[0m
?[1;31m
Start test 17?[0m
?[1;31m
Start test 18?[0m
?[1;31m
Start test 19?[0m
?[1;31m
Start test 20?[0m
?[0;34m2024-09-01T15:55:07.219+07:00  INFO 4381 --- [    Test worker] org.mongodb.driver.client                : MongoClient with metadata {"driver": {"name": "mongo-java-driver|sync", "version": "4.8.2"}, "os": {"type": "Darwin", "name": "Mac OS X", "architecture": "aarch64", "version": "14.6.1"}, "platform": "Java/JetBrains s.r.o./17.0.11+1-b1207.30"} created with settings MongoClientSettings{readPreference=primary, writeConcern=WriteConcern{w=null, wTimeout=null ms, journal=null}, retryWrites=true, retryReads=true, readConcern=ReadConcern{level=null}, credential=null, streamFactoryFactory=null, commandListeners=[], codecRegistry=ProvidersCodecRegistry{codecProviders=[ValueCodecProvider{}, BsonValueCodecProvider{}, DBRefCodecProvider{}, DBObjectCodecProvider{}, DocumentCodecProvider{}, CollectionCodecProvider{}, IterableCodecProvider{}, MapCodecProvider{}, GeoJsonCodecProvider{}, GridFSFileCodecProvider{}, Jsr310CodecProvider{}, JsonObjectCodecProvider{}, BsonCodecProvider{}, EnumCodecProvider{}, com.mongodb.Jep395RecordCodecProvider@60e67c06]}, clusterSettings={hosts=[localhost:27017], srvServiceName=mongodb, mode=SINGLE, requiredClusterType=UNKNOWN, requiredReplicaSetName='null', serverSelector='null', clusterListeners='[]', serverSelectionTimeout='30000 ms', localThreshold='30000 ms'}, socketSettings=SocketSettings{connectTimeoutMS=10000, readTimeoutMS=0, receiveBufferSize=0, sendBufferSize=0}, heartbeatSocketSettings=SocketSettings{connectTimeoutMS=10000, readTimeoutMS=10000, receiveBufferSize=0, sendBufferSize=0}, connectionPoolSettings=ConnectionPoolSettings{maxSize=100, minSize=0, maxWaitTimeMS=120000, maxConnectionLifeTimeMS=0, maxConnectionIdleTimeMS=0, maintenanceInitialDelayMS=0, maintenanceFrequencyMS=60000, connectionPoolListeners=[], maxConnecting=2}, serverSettings=ServerSettings{heartbeatFrequencyMS=10000, minHeartbeatFrequencyMS=500, serverListeners='[]', serverMonitorListeners='[]'}, sslSettings=SslSettings{enabled=false, invalidHostNameAllowed=false, context=null}, applicationName='null', compressorList=[], uuidRepresentation=UNSPECIFIED, serverApi=ServerApi{version=V1, deprecationErrors=null, strict=null}, autoEncryptionSettings=null, contextProvider=null}
?[0m?[0;34m2024-09-01T15:55:07.219+07:00  INFO 4381 --- [    Test worker] org.mongodb.driver.cluster               : Cluster description not yet available. Waiting for 30000 ms before timing out
?[0;34m2024-09-01T15:55:07.221+07:00  INFO 4381 --- [localhost:27017] org.mongodb.driver.cluster               : Monitor thread successfully connected to server with description ServerDescription{address=localhost:27017, type=REPLICA_SET_PRIMARY, state=CONNECTED, ok=true, minWireVersion=0, maxWireVersion=13, maxDocumentSize=16777216, logicalSessionTimeoutMinutes=30, roundTripTimeNanos=2240500, setName='docker-rs', canonicalAddress=5269b22cd6db:27017, hosts=[5269b22cd6db:27017], passives=[], arbiters=[], primary='5269b22cd6db:27017', tagSet=TagSet{[]}, electionId=7fffffff0000000000000001, setVersion=1, topologyVersion=TopologyVersion{processId=66d42be8b50b145917d4382b, counter=6}, lastWriteDate=Sun Sep 01 15:55:06 ICT 2024, lastUpdateTimeNanos=14037090635083}
?[0m]]></system-out>
  <system-err><![CDATA[]]></system-err>
</testsuite>
